

============================== 2023-01-10 23:26:40.503930 | 85ec34ca-d297-4b05-a57a-325e73b5771b ==============================
[0m23:26:40.503997 [info ] [MainThread]: Running with dbt=1.3.2
[0m23:26:40.504321 [debug] [MainThread]: running dbt with arguments {'write_json': True, 'use_colors': True, 'printer_width': 80, 'version_check': True, 'partial_parse': True, 'static_parser': True, 'profiles_dir': '/Users/jarrod/.dbt', 'send_anonymous_usage_stats': True, 'event_buffer_size': 100000, 'quiet': False, 'no_print': False, 'cache_selected_only': False, 'project_name': 'jaffle_shop', 'skip_profile_setup': False, 'which': 'init', 'indirect_selection': 'eager'}
[0m23:26:40.504449 [debug] [MainThread]: Tracking: tracking
[0m23:26:40.554681 [debug] [MainThread]: Sending event: {'category': 'dbt', 'action': 'invocation', 'label': 'start', 'context': [<snowplow_tracker.self_describing_json.SelfDescribingJson object at 0x7fb0c83d90d0>, <snowplow_tracker.self_describing_json.SelfDescribingJson object at 0x7fb0d8a8f810>, <snowplow_tracker.self_describing_json.SelfDescribingJson object at 0x7fb0c83d9c50>]}
[0m23:26:40.556963 [debug] [MainThread]: Starter project path: /Library/Frameworks/Python.framework/Versions/3.7/lib/python3.7/site-packages/dbt/include/starter_project
[0m23:27:22.316254 [debug] [MainThread]: Sending event: {'category': 'dbt', 'action': 'invocation', 'label': 'end', 'context': [<snowplow_tracker.self_describing_json.SelfDescribingJson object at 0x7fb0c91bebd0>, <snowplow_tracker.self_describing_json.SelfDescribingJson object at 0x7fb0c91bea10>, <snowplow_tracker.self_describing_json.SelfDescribingJson object at 0x7fb0c91bec90>]}
[0m23:27:22.317571 [debug] [MainThread]: Flushing usage events
[0m23:27:23.025932 [info ] [MainThread]: ctrl-c


============================== 2023-01-10 23:27:25.472170 | 4f4c3102-0ec8-4faf-ab67-e5edb9ba8fdf ==============================
[0m23:27:25.472229 [info ] [MainThread]: Running with dbt=1.3.2
[0m23:27:25.472538 [debug] [MainThread]: running dbt with arguments {'write_json': True, 'use_colors': True, 'printer_width': 80, 'version_check': True, 'partial_parse': True, 'static_parser': True, 'profiles_dir': '/Users/jarrod/.dbt', 'send_anonymous_usage_stats': True, 'event_buffer_size': 100000, 'quiet': False, 'no_print': False, 'cache_selected_only': False, 'project_name': 'jaffle_shop', 'skip_profile_setup': False, 'which': 'init', 'indirect_selection': 'eager'}
[0m23:27:25.472665 [debug] [MainThread]: Tracking: tracking
[0m23:27:25.499871 [debug] [MainThread]: Sending event: {'category': 'dbt', 'action': 'invocation', 'label': 'start', 'context': [<snowplow_tracker.self_describing_json.SelfDescribingJson object at 0x7fbe21251710>, <snowplow_tracker.self_describing_json.SelfDescribingJson object at 0x7fbe21251b10>, <snowplow_tracker.self_describing_json.SelfDescribingJson object at 0x7fbe21251ad0>]}
[0m23:27:25.501901 [info ] [MainThread]: A project called jaffle_shop already exists here.
[0m23:27:25.502224 [debug] [MainThread]: Sending event: {'category': 'dbt', 'action': 'invocation', 'label': 'end', 'context': [<snowplow_tracker.self_describing_json.SelfDescribingJson object at 0x7fbe21256c50>, <snowplow_tracker.self_describing_json.SelfDescribingJson object at 0x7fbe21256610>, <snowplow_tracker.self_describing_json.SelfDescribingJson object at 0x7fbe21256c90>]}
[0m23:27:25.502417 [debug] [MainThread]: Flushing usage events


============================== 2023-01-10 23:28:00.024193 | aa073782-d7f7-407a-a3d3-9d4a562880d3 ==============================
[0m23:28:00.024251 [info ] [MainThread]: Running with dbt=1.3.2
[0m23:28:00.024569 [debug] [MainThread]: running dbt with arguments {'write_json': True, 'use_colors': True, 'printer_width': 80, 'version_check': True, 'partial_parse': True, 'static_parser': True, 'profiles_dir': '/Users/jarrod/.dbt', 'send_anonymous_usage_stats': True, 'event_buffer_size': 100000, 'quiet': False, 'no_print': False, 'cache_selected_only': False, 'project_name': 'jaffle_shop', 'skip_profile_setup': False, 'which': 'init', 'indirect_selection': 'eager'}
[0m23:28:00.024710 [debug] [MainThread]: Tracking: tracking
[0m23:28:00.051769 [debug] [MainThread]: Sending event: {'category': 'dbt', 'action': 'invocation', 'label': 'start', 'context': [<snowplow_tracker.self_describing_json.SelfDescribingJson object at 0x7fb230a49390>, <snowplow_tracker.self_describing_json.SelfDescribingJson object at 0x7fb240ab9410>, <snowplow_tracker.self_describing_json.SelfDescribingJson object at 0x7fb240ab93d0>]}
[0m23:28:00.053632 [debug] [MainThread]: Starter project path: /Library/Frameworks/Python.framework/Versions/3.7/lib/python3.7/site-packages/dbt/include/starter_project
[0m00:58:02.154719 [info ] [MainThread]: Profile jaffle_shop written to /Users/jarrod/.dbt/profiles.yml using target's profile_template.yml and your supplied values. Run 'dbt debug' to validate the connection.
[0m00:58:02.155995 [info ] [MainThread]: 
Your new dbt project "jaffle_shop" was created!

For more information on how to configure the profiles.yml file,
please consult the dbt documentation here:

  https://docs.getdbt.com/docs/configure-your-profile

One more thing:

Need help? Don't hesitate to reach out to us via GitHub issues or on Slack:

  https://community.getdbt.com/

Happy modeling!

[0m00:58:02.156651 [debug] [MainThread]: Sending event: {'category': 'dbt', 'action': 'invocation', 'label': 'end', 'context': [<snowplow_tracker.self_describing_json.SelfDescribingJson object at 0x7fb240ab9410>, <snowplow_tracker.self_describing_json.SelfDescribingJson object at 0x7fb240ab93d0>, <snowplow_tracker.self_describing_json.SelfDescribingJson object at 0x7fb240ac1850>]}
[0m00:58:02.157214 [debug] [MainThread]: Flushing usage events


============================== 2023-01-11 00:58:12.512305 | 45360b61-5c51-4d08-8558-0bbdce9bffa5 ==============================
[0m00:58:12.512366 [info ] [MainThread]: Running with dbt=1.3.2
[0m00:58:12.512668 [debug] [MainThread]: running dbt with arguments {'write_json': True, 'use_colors': True, 'printer_width': 80, 'version_check': True, 'partial_parse': True, 'static_parser': True, 'profiles_dir': '/Users/jarrod/.dbt', 'send_anonymous_usage_stats': True, 'event_buffer_size': 100000, 'quiet': False, 'no_print': False, 'cache_selected_only': False, 'config_dir': False, 'which': 'debug', 'indirect_selection': 'eager'}
[0m00:58:12.512795 [debug] [MainThread]: Tracking: tracking
[0m00:58:12.547060 [debug] [MainThread]: Sending event: {'category': 'dbt', 'action': 'invocation', 'label': 'start', 'context': [<snowplow_tracker.self_describing_json.SelfDescribingJson object at 0x7ff11a3c9590>, <snowplow_tracker.self_describing_json.SelfDescribingJson object at 0x7ff1185af810>, <snowplow_tracker.self_describing_json.SelfDescribingJson object at 0x7ff11a3c9bd0>]}
[0m00:58:12.846578 [debug] [MainThread]: Executing "git --help"
[0m00:58:12.862806 [debug] [MainThread]: STDOUT: "b"usage: git [-v | --version] [-h | --help] [-C <path>] [-c <name>=<value>]\n           [--exec-path[=<path>]] [--html-path] [--man-path] [--info-path]\n           [-p | --paginate | -P | --no-pager] [--no-replace-objects] [--bare]\n           [--git-dir=<path>] [--work-tree=<path>] [--namespace=<name>]\n           [--super-prefix=<path>] [--config-env=<name>=<envvar>]\n           <command> [<args>]\n\nThese are common Git commands used in various situations:\n\nstart a working area (see also: git help tutorial)\n   clone     Clone a repository into a new directory\n   init      Create an empty Git repository or reinitialize an existing one\n\nwork on the current change (see also: git help everyday)\n   add       Add file contents to the index\n   mv        Move or rename a file, a directory, or a symlink\n   restore   Restore working tree files\n   rm        Remove files from the working tree and from the index\n\nexamine the history and state (see also: git help revisions)\n   bisect    Use binary search to find the commit that introduced a bug\n   diff      Show changes between commits, commit and working tree, etc\n   grep      Print lines matching a pattern\n   log       Show commit logs\n   show      Show various types of objects\n   status    Show the working tree status\n\ngrow, mark and tweak your common history\n   branch    List, create, or delete branches\n   commit    Record changes to the repository\n   merge     Join two or more development histories together\n   rebase    Reapply commits on top of another base tip\n   reset     Reset current HEAD to the specified state\n   switch    Switch branches\n   tag       Create, list, delete or verify a tag object signed with GPG\n\ncollaborate (see also: git help workflows)\n   fetch     Download objects and refs from another repository\n   pull      Fetch from and integrate with another repository or a local branch\n   push      Update remote refs along with associated objects\n\n'git help -a' and 'git help -g' list available subcommands and some\nconcept guides. See 'git help <command>' or 'git help <concept>'\nto read about a specific subcommand or concept.\nSee 'git help git' for an overview of the system.\n""
[0m00:58:12.863341 [debug] [MainThread]: STDERR: "b''"
[0m00:58:12.863765 [debug] [MainThread]: Sending event: {'category': 'dbt', 'action': 'invocation', 'label': 'end', 'context': [<snowplow_tracker.self_describing_json.SelfDescribingJson object at 0x7ff11b354d50>, <snowplow_tracker.self_describing_json.SelfDescribingJson object at 0x7ff11b381310>, <snowplow_tracker.self_describing_json.SelfDescribingJson object at 0x7ff11b381250>]}
[0m00:58:12.864140 [debug] [MainThread]: Flushing usage events


============================== 2023-01-11 02:42:12.817940 | 3d97e096-1aab-4afa-8c28-5f077ab053a8 ==============================
[0m02:42:12.817955 [info ] [MainThread]: Running with dbt=1.3.2
[0m02:42:12.818571 [debug] [MainThread]: running dbt with arguments {'write_json': True, 'use_colors': True, 'printer_width': 80, 'version_check': True, 'partial_parse': True, 'static_parser': True, 'profiles_dir': '/Users/jarrod/.dbt', 'send_anonymous_usage_stats': True, 'event_buffer_size': 100000, 'quiet': False, 'no_print': False, 'cache_selected_only': False, 'config_dir': False, 'which': 'debug', 'indirect_selection': 'eager'}
[0m02:42:12.818755 [debug] [MainThread]: Tracking: tracking
[0m02:42:12.841075 [debug] [MainThread]: Sending event: {'category': 'dbt', 'action': 'invocation', 'label': 'start', 'context': [<snowplow_tracker.self_describing_json.SelfDescribingJson object at 0x1062c42b0>, <snowplow_tracker.self_describing_json.SelfDescribingJson object at 0x1062f9810>, <snowplow_tracker.self_describing_json.SelfDescribingJson object at 0x1062f9090>]}
[0m02:42:13.604244 [debug] [MainThread]: Executing "git --help"
[0m02:42:13.622087 [debug] [MainThread]: STDOUT: "b"usage: git [-v | --version] [-h | --help] [-C <path>] [-c <name>=<value>]\n           [--exec-path[=<path>]] [--html-path] [--man-path] [--info-path]\n           [-p | --paginate | -P | --no-pager] [--no-replace-objects] [--bare]\n           [--git-dir=<path>] [--work-tree=<path>] [--namespace=<name>]\n           [--super-prefix=<path>] [--config-env=<name>=<envvar>]\n           <command> [<args>]\n\nThese are common Git commands used in various situations:\n\nstart a working area (see also: git help tutorial)\n   clone     Clone a repository into a new directory\n   init      Create an empty Git repository or reinitialize an existing one\n\nwork on the current change (see also: git help everyday)\n   add       Add file contents to the index\n   mv        Move or rename a file, a directory, or a symlink\n   restore   Restore working tree files\n   rm        Remove files from the working tree and from the index\n\nexamine the history and state (see also: git help revisions)\n   bisect    Use binary search to find the commit that introduced a bug\n   diff      Show changes between commits, commit and working tree, etc\n   grep      Print lines matching a pattern\n   log       Show commit logs\n   show      Show various types of objects\n   status    Show the working tree status\n\ngrow, mark and tweak your common history\n   branch    List, create, or delete branches\n   commit    Record changes to the repository\n   merge     Join two or more development histories together\n   rebase    Reapply commits on top of another base tip\n   reset     Reset current HEAD to the specified state\n   switch    Switch branches\n   tag       Create, list, delete or verify a tag object signed with GPG\n\ncollaborate (see also: git help workflows)\n   fetch     Download objects and refs from another repository\n   pull      Fetch from and integrate with another repository or a local branch\n   push      Update remote refs along with associated objects\n\n'git help -a' and 'git help -g' list available subcommands and some\nconcept guides. See 'git help <command>' or 'git help <concept>'\nto read about a specific subcommand or concept.\nSee 'git help git' for an overview of the system.\n""
[0m02:42:13.622663 [debug] [MainThread]: STDERR: "b''"
[0m02:42:13.626513 [debug] [MainThread]: Acquiring new bigquery connection "debug"
[0m02:42:13.627068 [debug] [MainThread]: Opening a new connection, currently in state init
[0m02:42:13.629246 [debug] [MainThread]: On debug: select 1 as id
[0m02:42:15.461100 [debug] [MainThread]: BigQuery adapter: https://console.cloud.google.com/bigquery?project=dbt-sandbox-374323&j=bq:1ccd2427-f9bb-4c64-82e3-09411afa00bc:US&page=queryresults
[0m02:42:15.462678 [debug] [MainThread]: Sending event: {'category': 'dbt', 'action': 'invocation', 'label': 'end', 'context': [<snowplow_tracker.self_describing_json.SelfDescribingJson object at 0x1097faef0>, <snowplow_tracker.self_describing_json.SelfDescribingJson object at 0x1097f9c60>, <snowplow_tracker.self_describing_json.SelfDescribingJson object at 0x1097fb940>]}
[0m02:42:15.463437 [debug] [MainThread]: Flushing usage events
[0m02:42:16.841469 [debug] [MainThread]: Connection 'debug' was properly closed.
